C:\USERS\HAFIZHAMZA\DOCUMENTS\VISUAL STUDIO 2010\PROJECTS\MULTIPLICATION\DEBUG\MULTIPLICATION.EXE
C:\USERS\HAFIZHAMZA\DOCUMENTS\VISUAL STUDIO 2010\PROJECTS\MULTIPLICATION\DEBUG\MULTIPLICATION.ILK
C:\USERS\HAFIZHAMZA\DOCUMENTS\VISUAL STUDIO 2010\PROJECTS\MULTIPLICATION\DEBUG\MULTIPLICATION.PDB
C:\Users\HafizHamza\documents\visual studio 2010\Projects\multiplication\multiplication\Debug\cl.command.1.tlog
C:\Users\HafizHamza\documents\visual studio 2010\Projects\multiplication\multiplication\Debug\CL.read.1.tlog
C:\Users\HafizHamza\documents\visual studio 2010\Projects\multiplication\multiplication\Debug\CL.write.1.tlog
C:\Users\HafizHamza\documents\visual studio 2010\Projects\multiplication\multiplication\Debug\link.2284.read.1.tlog
C:\Users\HafizHamza\documents\visual studio 2010\Projects\multiplication\multiplication\Debug\link.2284.write.1.tlog
C:\Users\HafizHamza\documents\visual studio 2010\Projects\multiplication\multiplication\Debug\link.3396.read.1.tlog
C:\Users\HafizHamza\documents\visual studio 2010\Projects\multiplication\multiplication\Debug\link.3396.write.1.tlog
C:\Users\HafizHamza\documents\visual studio 2010\Projects\multiplication\multiplication\Debug\link.4028.read.1.tlog
C:\Users\HafizHamza\documents\visual studio 2010\Projects\multiplication\multiplication\Debug\link.4028.write.1.tlog
C:\Users\HafizHamza\documents\visual studio 2010\Projects\multiplication\multiplication\Debug\link.command.1.tlog
C:\Users\HafizHamza\documents\visual studio 2010\Projects\multiplication\multiplication\Debug\link.read.1.tlog
C:\Users\HafizHamza\documents\visual studio 2010\Projects\multiplication\multiplication\Debug\link.write.1.tlog
C:\Users\HafizHamza\documents\visual studio 2010\Projects\multiplication\multiplication\Debug\mt.command.1.tlog
C:\Users\HafizHamza\documents\visual studio 2010\Projects\multiplication\multiplication\Debug\mt.read.1.tlog
C:\Users\HafizHamza\documents\visual studio 2010\Projects\multiplication\multiplication\Debug\mt.write.1.tlog
C:\USERS\HAFIZHAMZA\DOCUMENTS\VISUAL STUDIO 2010\PROJECTS\MULTIPLICATION\MULTIPLICATION\DEBUG\MULTIPLICATION.EXE.INTERMEDIATE.MANIFEST
C:\USERS\HAFIZHAMZA\DOCUMENTS\VISUAL STUDIO 2010\PROJECTS\MULTIPLICATION\MULTIPLICATION\DEBUG\MULTIPLICATION.OBJ
C:\Users\HafizHamza\documents\visual studio 2010\Projects\multiplication\multiplication\Debug\multiplication.write.1.tlog
C:\USERS\HAFIZHAMZA\DOCUMENTS\VISUAL STUDIO 2010\PROJECTS\MULTIPLICATION\MULTIPLICATION\DEBUG\VC100.PDB
