Build started 4/26/2017 12:03:14 AM.
     1>Project "C:\Users\HafizHamza\documents\visual studio 2010\Projects\Upper case\Upper case\Upper case.vcxproj" on node 2 (build target(s)).
     1>InitializeBuildStatus:
         Creating "Debug\Upper case.unsuccessfulbuild" because "AlwaysCreate" was specified.
       ClCompile:
         C:\Program Files (x86)\Microsoft Visual Studio 10.0\VC\bin\CL.exe /c /ZI /nologo /W3 /WX- /Od /Oy- /D _MBCS /Gm /EHsc /RTC1 /MDd /GS /fp:precise /Zc:wchar_t /Zc:forScope /Fo"Debug\\" /Fd"Debug\vc100.pdb" /Gd /TP /analyze- /errorReport:prompt "upper case.cpp"
         upper case.cpp
     1>c:\users\hafizhamza\documents\visual studio 2010\projects\upper case\upper case\upper case.cpp(11): warning C4996: 'strupr': The POSIX name for this item is deprecated. Instead, use the ISO C++ conformant name: _strupr. See online help for details.
                 c:\program files (x86)\microsoft visual studio 10.0\vc\include\string.h(252) : see declaration of 'strupr'
     1>c:\users\hafizhamza\documents\visual studio 2010\projects\upper case\upper case\upper case.cpp(13): warning C4996: 'getch': The POSIX name for this item is deprecated. Instead, use the ISO C++ conformant name: _getch. See online help for details.
                 c:\program files (x86)\microsoft visual studio 10.0\vc\include\conio.h(128) : see declaration of 'getch'
       Link:
         C:\Program Files (x86)\Microsoft Visual Studio 10.0\VC\bin\link.exe /ERRORREPORT:PROMPT /OUT:"C:\Users\HafizHamza\documents\visual studio 2010\Projects\Upper case\Debug\Upper case.exe" /NOLOGO kernel32.lib user32.lib gdi32.lib winspool.lib comdlg32.lib advapi32.lib shell32.lib ole32.lib oleaut32.lib uuid.lib odbc32.lib odbccp32.lib /MANIFEST /ManifestFile:"Debug\Upper case.exe.intermediate.manifest" /MANIFESTUAC:"level='asInvoker' uiAccess='false'" /DEBUG /PDB:"C:\Users\HafizHamza\documents\visual studio 2010\Projects\Upper case\Debug\Upper case.pdb" /TLBID:1 /DYNAMICBASE /NXCOMPAT /IMPLIB:"C:\Users\HafizHamza\documents\visual studio 2010\Projects\Upper case\Debug\Upper case.lib" /MACHINE:X86 "Debug\upper case.obj"
         LINK : C:\Users\HafizHamza\documents\visual studio 2010\Projects\Upper case\Debug\Upper case.exe not found or not built by the last incremental link; performing full link
         Upper case.vcxproj -> C:\Users\HafizHamza\documents\visual studio 2010\Projects\Upper case\Debug\Upper case.exe
       Manifest:
         C:\Program Files (x86)\Microsoft SDKs\Windows\v7.0A\bin\mt.exe /nologo /verbose /outputresource:"C:\Users\HafizHamza\documents\visual studio 2010\Projects\Upper case\Debug\Upper case.exe;#1" /manifest "Debug\Upper case.exe.intermediate.manifest"
       FinalizeBuildStatus:
         Deleting file "Debug\Upper case.unsuccessfulbuild".
         Touching "Debug\Upper case.lastbuildstate".
     1>Done Building Project "C:\Users\HafizHamza\documents\visual studio 2010\Projects\Upper case\Upper case\Upper case.vcxproj" (build target(s)).

Build succeeded.

Time Elapsed 00:00:00.93
