Build started 4/26/2017 12:06:02 AM.
     1>Project "C:\Users\HafizHamza\documents\visual studio 2010\Projects\lower case\lower case\lower case.vcxproj" on node 2 (build target(s)).
     1>InitializeBuildStatus:
         Creating "Debug\lower case.unsuccessfulbuild" because "AlwaysCreate" was specified.
       ClCompile:
         C:\Program Files (x86)\Microsoft Visual Studio 10.0\VC\bin\CL.exe /c /ZI /nologo /W3 /WX- /Od /Oy- /D _MBCS /Gm /EHsc /RTC1 /MDd /GS /fp:precise /Zc:wchar_t /Zc:forScope /Fo"Debug\\" /Fd"Debug\vc100.pdb" /Gd /TP /analyze- /errorReport:prompt "lower case.cpp"
         lower case.cpp
     1>c:\users\hafizhamza\documents\visual studio 2010\projects\lower case\lower case\lower case.cpp(11): warning C4996: 'strlwr': The POSIX name for this item is deprecated. Instead, use the ISO C++ conformant name: _strlwr. See online help for details.
                 c:\program files (x86)\microsoft visual studio 10.0\vc\include\string.h(247) : see declaration of 'strlwr'
     1>c:\users\hafizhamza\documents\visual studio 2010\projects\lower case\lower case\lower case.cpp(12): warning C4996: 'strlwr': The POSIX name for this item is deprecated. Instead, use the ISO C++ conformant name: _strlwr. See online help for details.
                 c:\program files (x86)\microsoft visual studio 10.0\vc\include\string.h(247) : see declaration of 'strlwr'
     1>c:\users\hafizhamza\documents\visual studio 2010\projects\lower case\lower case\lower case.cpp(14): warning C4996: 'getch': The POSIX name for this item is deprecated. Instead, use the ISO C++ conformant name: _getch. See online help for details.
                 c:\program files (x86)\microsoft visual studio 10.0\vc\include\conio.h(128) : see declaration of 'getch'
       Link:
         C:\Program Files (x86)\Microsoft Visual Studio 10.0\VC\bin\link.exe /ERRORREPORT:PROMPT /OUT:"C:\Users\HafizHamza\documents\visual studio 2010\Projects\lower case\Debug\lower case.exe" /NOLOGO kernel32.lib user32.lib gdi32.lib winspool.lib comdlg32.lib advapi32.lib shell32.lib ole32.lib oleaut32.lib uuid.lib odbc32.lib odbccp32.lib /MANIFEST /ManifestFile:"Debug\lower case.exe.intermediate.manifest" /MANIFESTUAC:"level='asInvoker' uiAccess='false'" /DEBUG /PDB:"C:\Users\HafizHamza\documents\visual studio 2010\Projects\lower case\Debug\lower case.pdb" /TLBID:1 /DYNAMICBASE /NXCOMPAT /IMPLIB:"C:\Users\HafizHamza\documents\visual studio 2010\Projects\lower case\Debug\lower case.lib" /MACHINE:X86 "Debug\lower case.obj"
         LINK : C:\Users\HafizHamza\documents\visual studio 2010\Projects\lower case\Debug\lower case.exe not found or not built by the last incremental link; performing full link
         lower case.vcxproj -> C:\Users\HafizHamza\documents\visual studio 2010\Projects\lower case\Debug\lower case.exe
       Manifest:
         C:\Program Files (x86)\Microsoft SDKs\Windows\v7.0A\bin\mt.exe /nologo /verbose /outputresource:"C:\Users\HafizHamza\documents\visual studio 2010\Projects\lower case\Debug\lower case.exe;#1" /manifest "Debug\lower case.exe.intermediate.manifest"
       FinalizeBuildStatus:
         Deleting file "Debug\lower case.unsuccessfulbuild".
         Touching "Debug\lower case.lastbuildstate".
     1>Done Building Project "C:\Users\HafizHamza\documents\visual studio 2010\Projects\lower case\lower case\lower case.vcxproj" (build target(s)).

Build succeeded.

Time Elapsed 00:00:01.13
