Build started 5/10/2017 12:24:43 AM.
     1>Project "C:\Users\HafizHamza\documents\visual studio 2010\Projects\Final lab\Final lab\Final lab.vcxproj" on node 2 (build target(s)).
     1>InitializeBuildStatus:
         Creating "Debug\Final lab.unsuccessfulbuild" because "AlwaysCreate" was specified.
       ClCompile:
         C:\Program Files (x86)\Microsoft Visual Studio 10.0\VC\bin\CL.exe /c /ZI /nologo /W3 /WX- /Od /Oy- /D _MBCS /Gm /EHsc /RTC1 /MDd /GS /fp:precise /Zc:wchar_t /Zc:forScope /Fo"Debug\\" /Fd"Debug\vc100.pdb" /Gd /TP /analyze- /errorReport:prompt "Final lab.cpp"
         Final lab.cpp
     1>c:\users\hafizhamza\documents\visual studio 2010\projects\final lab\final lab\final lab.cpp(92): warning C4996: 'getch': The POSIX name for this item is deprecated. Instead, use the ISO C++ conformant name: _getch. See online help for details.
                 c:\program files (x86)\microsoft visual studio 10.0\vc\include\conio.h(128) : see declaration of 'getch'
     1>c:\users\hafizhamza\documents\visual studio 2010\projects\final lab\final lab\final lab.cpp(100): warning C4244: '=' : conversion from 'double' to 'float', possible loss of data
     1>c:\users\hafizhamza\documents\visual studio 2010\projects\final lab\final lab\final lab.cpp(104): warning C4244: '=' : conversion from 'double' to 'float', possible loss of data
     1>c:\users\hafizhamza\documents\visual studio 2010\projects\final lab\final lab\final lab.cpp(108): warning C4244: '=' : conversion from 'double' to 'float', possible loss of data
     1>c:\users\hafizhamza\documents\visual studio 2010\projects\final lab\final lab\final lab.cpp(81): warning C4700: uninitialized local variable 'opt' used
     1>c:\users\hafizhamza\documents\visual studio 2010\projects\final lab\final lab\final lab.cpp(108): warning C4789: destination of memory copy is too small
     1>c:\users\hafizhamza\documents\visual studio 2010\projects\final lab\final lab\final lab.cpp(137): warning C4789: destination of memory copy is too small
       Link:
         C:\Program Files (x86)\Microsoft Visual Studio 10.0\VC\bin\link.exe /ERRORREPORT:PROMPT /OUT:"C:\Users\HafizHamza\documents\visual studio 2010\Projects\Final lab\Debug\Final lab.exe" /NOLOGO kernel32.lib user32.lib gdi32.lib winspool.lib comdlg32.lib advapi32.lib shell32.lib ole32.lib oleaut32.lib uuid.lib odbc32.lib odbccp32.lib /MANIFEST /ManifestFile:"Debug\Final lab.exe.intermediate.manifest" /MANIFESTUAC:"level='asInvoker' uiAccess='false'" /DEBUG /PDB:"C:\Users\HafizHamza\documents\visual studio 2010\Projects\Final lab\Debug\Final lab.pdb" /TLBID:1 /DYNAMICBASE /NXCOMPAT /IMPLIB:"C:\Users\HafizHamza\documents\visual studio 2010\Projects\Final lab\Debug\Final lab.lib" /MACHINE:X86 "Debug\Final lab.obj"
         LINK : C:\Users\HafizHamza\documents\visual studio 2010\Projects\Final lab\Debug\Final lab.exe not found or not built by the last incremental link; performing full link
         Final lab.vcxproj -> C:\Users\HafizHamza\documents\visual studio 2010\Projects\Final lab\Debug\Final lab.exe
       Manifest:
         C:\Program Files (x86)\Microsoft SDKs\Windows\v7.0A\bin\mt.exe /nologo /verbose /outputresource:"C:\Users\HafizHamza\documents\visual studio 2010\Projects\Final lab\Debug\Final lab.exe;#1" /manifest "Debug\Final lab.exe.intermediate.manifest"
       FinalizeBuildStatus:
         Deleting file "Debug\Final lab.unsuccessfulbuild".
         Touching "Debug\Final lab.lastbuildstate".
     1>Done Building Project "C:\Users\HafizHamza\documents\visual studio 2010\Projects\Final lab\Final lab\Final lab.vcxproj" (build target(s)).

Build succeeded.

Time Elapsed 00:00:00.86
