Build started 3/13/2017 9:46:41 PM.
     1>Project "C:\Users\HafizHamza\documents\visual studio 2010\Projects\Function + Switch\Function + Switch\Function + Switch.vcxproj" on node 2 (build target(s)).
     1>InitializeBuildStatus:
         Creating "Debug\Function + Switch.unsuccessfulbuild" because "AlwaysCreate" was specified.
       ClCompile:
         C:\Program Files (x86)\Microsoft Visual Studio 10.0\VC\bin\CL.exe /c /ZI /nologo /W3 /WX- /Od /Oy- /D _MBCS /Gm /EHsc /RTC1 /MDd /GS /fp:precise /Zc:wchar_t /Zc:forScope /Fo"Debug\\" /Fd"Debug\vc100.pdb" /Gd /TP /analyze- /errorReport:prompt "Function + Switch.cpp"
         Function + Switch.cpp
     1>c:\users\hafizhamza\documents\visual studio 2010\projects\function + switch\function + switch\function + switch.cpp(13): warning C4996: 'scanf': This function or variable may be unsafe. Consider using scanf_s instead. To disable deprecation, use _CRT_SECURE_NO_WARNINGS. See online help for details.
                 c:\program files (x86)\microsoft visual studio 10.0\vc\include\stdio.h(304) : see declaration of 'scanf'
     1>c:\users\hafizhamza\documents\visual studio 2010\projects\function + switch\function + switch\function + switch.cpp(20): warning C4996: 'scanf': This function or variable may be unsafe. Consider using scanf_s instead. To disable deprecation, use _CRT_SECURE_NO_WARNINGS. See online help for details.
                 c:\program files (x86)\microsoft visual studio 10.0\vc\include\stdio.h(304) : see declaration of 'scanf'
     1>c:\users\hafizhamza\documents\visual studio 2010\projects\function + switch\function + switch\function + switch.cpp(22): warning C4996: 'scanf': This function or variable may be unsafe. Consider using scanf_s instead. To disable deprecation, use _CRT_SECURE_NO_WARNINGS. See online help for details.
                 c:\program files (x86)\microsoft visual studio 10.0\vc\include\stdio.h(304) : see declaration of 'scanf'
     1>c:\users\hafizhamza\documents\visual studio 2010\projects\function + switch\function + switch\function + switch.cpp(27): error C2360: initialization of 'c' is skipped by 'case' label
                 c:\users\hafizhamza\documents\visual studio 2010\projects\function + switch\function + switch\function + switch.cpp(23) : see declaration of 'c'
     1>c:\users\hafizhamza\documents\visual studio 2010\projects\function + switch\function + switch\function + switch.cpp(38): error C2360: initialization of 'z' is skipped by 'case' label
                 c:\users\hafizhamza\documents\visual studio 2010\projects\function + switch\function + switch\function + switch.cpp(34) : see declaration of 'z'
     1>c:\users\hafizhamza\documents\visual studio 2010\projects\function + switch\function + switch\function + switch.cpp(38): error C2360: initialization of 'c' is skipped by 'case' label
                 c:\users\hafizhamza\documents\visual studio 2010\projects\function + switch\function + switch\function + switch.cpp(23) : see declaration of 'c'
     1>c:\users\hafizhamza\documents\visual studio 2010\projects\function + switch\function + switch\function + switch.cpp(48): error C2360: initialization of 'w' is skipped by 'case' label
                 c:\users\hafizhamza\documents\visual studio 2010\projects\function + switch\function + switch\function + switch.cpp(45) : see declaration of 'w'
     1>c:\users\hafizhamza\documents\visual studio 2010\projects\function + switch\function + switch\function + switch.cpp(48): error C2360: initialization of 'z' is skipped by 'case' label
                 c:\users\hafizhamza\documents\visual studio 2010\projects\function + switch\function + switch\function + switch.cpp(34) : see declaration of 'z'
     1>c:\users\hafizhamza\documents\visual studio 2010\projects\function + switch\function + switch\function + switch.cpp(48): error C2360: initialization of 'c' is skipped by 'case' label
                 c:\users\hafizhamza\documents\visual studio 2010\projects\function + switch\function + switch\function + switch.cpp(23) : see declaration of 'c'
     1>c:\users\hafizhamza\documents\visual studio 2010\projects\function + switch\function + switch\function + switch.cpp(50): error C2361: initialization of 'w' is skipped by 'default' label
                 c:\users\hafizhamza\documents\visual studio 2010\projects\function + switch\function + switch\function + switch.cpp(45) : see declaration of 'w'
     1>c:\users\hafizhamza\documents\visual studio 2010\projects\function + switch\function + switch\function + switch.cpp(50): error C2361: initialization of 'z' is skipped by 'default' label
                 c:\users\hafizhamza\documents\visual studio 2010\projects\function + switch\function + switch\function + switch.cpp(34) : see declaration of 'z'
     1>c:\users\hafizhamza\documents\visual studio 2010\projects\function + switch\function + switch\function + switch.cpp(50): error C2361: initialization of 'c' is skipped by 'default' label
                 c:\users\hafizhamza\documents\visual studio 2010\projects\function + switch\function + switch\function + switch.cpp(23) : see declaration of 'c'
     1>Done Building Project "C:\Users\HafizHamza\documents\visual studio 2010\Projects\Function + Switch\Function + Switch\Function + Switch.vcxproj" (build target(s)) -- FAILED.

Build FAILED.

Time Elapsed 00:00:00.31
