Build started 3/13/2017 10:32:44 PM.
     1>Project "c:\Users\hafizhamza\documents\visual studio 2010\Projects\if else\if else\if else.vcxproj" on node 2 (build target(s)).
     1>InitializeBuildStatus:
         Creating "Debug\if else.unsuccessfulbuild" because "AlwaysCreate" was specified.
       ClCompile:
         C:\Program Files (x86)\Microsoft Visual Studio 10.0\VC\bin\CL.exe /c /ZI /nologo /W3 /WX- /Od /Oy- /D _MBCS /Gm /EHsc /RTC1 /MDd /GS /fp:precise /Zc:wchar_t /Zc:forScope /Fo"Debug\\" /Fd"Debug\vc100.pdb" /Gd /TP /analyze- /errorReport:prompt "if else.cpp"
         if else.cpp
     1>c:\users\hafizhamza\documents\visual studio 2010\projects\if else\if else\if else.cpp(11): warning C4996: 'scanf': This function or variable may be unsafe. Consider using scanf_s instead. To disable deprecation, use _CRT_SECURE_NO_WARNINGS. See online help for details.
                 c:\program files (x86)\microsoft visual studio 10.0\vc\include\stdio.h(304) : see declaration of 'scanf'
     1>c:\users\hafizhamza\documents\visual studio 2010\projects\if else\if else\if else.cpp(14): warning C4996: 'scanf': This function or variable may be unsafe. Consider using scanf_s instead. To disable deprecation, use _CRT_SECURE_NO_WARNINGS. See online help for details.
                 c:\program files (x86)\microsoft visual studio 10.0\vc\include\stdio.h(304) : see declaration of 'scanf'
     1>c:\users\hafizhamza\documents\visual studio 2010\projects\if else\if else\if else.cpp(17): warning C4996: 'scanf': This function or variable may be unsafe. Consider using scanf_s instead. To disable deprecation, use _CRT_SECURE_NO_WARNINGS. See online help for details.
                 c:\program files (x86)\microsoft visual studio 10.0\vc\include\stdio.h(304) : see declaration of 'scanf'
     1>c:\users\hafizhamza\documents\visual studio 2010\projects\if else\if else\if else.cpp(20): warning C4996: 'scanf': This function or variable may be unsafe. Consider using scanf_s instead. To disable deprecation, use _CRT_SECURE_NO_WARNINGS. See online help for details.
                 c:\program files (x86)\microsoft visual studio 10.0\vc\include\stdio.h(304) : see declaration of 'scanf'
     1>c:\users\hafizhamza\documents\visual studio 2010\projects\if else\if else\if else.cpp(27): warning C4996: 'scanf': This function or variable may be unsafe. Consider using scanf_s instead. To disable deprecation, use _CRT_SECURE_NO_WARNINGS. See online help for details.
                 c:\program files (x86)\microsoft visual studio 10.0\vc\include\stdio.h(304) : see declaration of 'scanf'
     1>c:\users\hafizhamza\documents\visual studio 2010\projects\if else\if else\if else.cpp(30): warning C4996: 'scanf': This function or variable may be unsafe. Consider using scanf_s instead. To disable deprecation, use _CRT_SECURE_NO_WARNINGS. See online help for details.
                 c:\program files (x86)\microsoft visual studio 10.0\vc\include\stdio.h(304) : see declaration of 'scanf'
     1>c:\users\hafizhamza\documents\visual studio 2010\projects\if else\if else\if else.cpp(33): warning C4996: 'scanf': This function or variable may be unsafe. Consider using scanf_s instead. To disable deprecation, use _CRT_SECURE_NO_WARNINGS. See online help for details.
                 c:\program files (x86)\microsoft visual studio 10.0\vc\include\stdio.h(304) : see declaration of 'scanf'
     1>c:\users\hafizhamza\documents\visual studio 2010\projects\if else\if else\if else.cpp(36): warning C4996: 'scanf': This function or variable may be unsafe. Consider using scanf_s instead. To disable deprecation, use _CRT_SECURE_NO_WARNINGS. See online help for details.
                 c:\program files (x86)\microsoft visual studio 10.0\vc\include\stdio.h(304) : see declaration of 'scanf'
     1>c:\users\hafizhamza\documents\visual studio 2010\projects\if else\if else\if else.cpp(39): warning C4996: 'scanf': This function or variable may be unsafe. Consider using scanf_s instead. To disable deprecation, use _CRT_SECURE_NO_WARNINGS. See online help for details.
                 c:\program files (x86)\microsoft visual studio 10.0\vc\include\stdio.h(304) : see declaration of 'scanf'
     1>c:\users\hafizhamza\documents\visual studio 2010\projects\if else\if else\if else.cpp(45): warning C4996: 'scanf': This function or variable may be unsafe. Consider using scanf_s instead. To disable deprecation, use _CRT_SECURE_NO_WARNINGS. See online help for details.
                 c:\program files (x86)\microsoft visual studio 10.0\vc\include\stdio.h(304) : see declaration of 'scanf'
     1>c:\users\hafizhamza\documents\visual studio 2010\projects\if else\if else\if else.cpp(48): warning C4996: 'scanf': This function or variable may be unsafe. Consider using scanf_s instead. To disable deprecation, use _CRT_SECURE_NO_WARNINGS. See online help for details.
                 c:\program files (x86)\microsoft visual studio 10.0\vc\include\stdio.h(304) : see declaration of 'scanf'
     1>c:\users\hafizhamza\documents\visual studio 2010\projects\if else\if else\if else.cpp(51): warning C4996: 'scanf': This function or variable may be unsafe. Consider using scanf_s instead. To disable deprecation, use _CRT_SECURE_NO_WARNINGS. See online help for details.
                 c:\program files (x86)\microsoft visual studio 10.0\vc\include\stdio.h(304) : see declaration of 'scanf'
     1>c:\users\hafizhamza\documents\visual studio 2010\projects\if else\if else\if else.cpp(54): warning C4996: 'scanf': This function or variable may be unsafe. Consider using scanf_s instead. To disable deprecation, use _CRT_SECURE_NO_WARNINGS. See online help for details.
                 c:\program files (x86)\microsoft visual studio 10.0\vc\include\stdio.h(304) : see declaration of 'scanf'
     1>c:\users\hafizhamza\documents\visual studio 2010\projects\if else\if else\if else.cpp(61): warning C4996: 'getch': The POSIX name for this item is deprecated. Instead, use the ISO C++ conformant name: _getch. See online help for details.
                 c:\program files (x86)\microsoft visual studio 10.0\vc\include\conio.h(128) : see declaration of 'getch'
       Link:
         C:\Program Files (x86)\Microsoft Visual Studio 10.0\VC\bin\link.exe /ERRORREPORT:PROMPT /OUT:"c:\users\hafizhamza\documents\visual studio 2010\Projects\if else\Debug\if else.exe" /NOLOGO kernel32.lib user32.lib gdi32.lib winspool.lib comdlg32.lib advapi32.lib shell32.lib ole32.lib oleaut32.lib uuid.lib odbc32.lib odbccp32.lib /MANIFEST /ManifestFile:"Debug\if else.exe.intermediate.manifest" /MANIFESTUAC:"level='asInvoker' uiAccess='false'" /DEBUG /PDB:"c:\users\hafizhamza\documents\visual studio 2010\Projects\if else\Debug\if else.pdb" /TLBID:1 /DYNAMICBASE /NXCOMPAT /IMPLIB:"c:\users\hafizhamza\documents\visual studio 2010\Projects\if else\Debug\if else.lib" /MACHINE:X86 "Debug\if else.obj"
         LINK : c:\users\hafizhamza\documents\visual studio 2010\Projects\if else\Debug\if else.exe not found or not built by the last incremental link; performing full link
         if else.vcxproj -> c:\users\hafizhamza\documents\visual studio 2010\Projects\if else\Debug\if else.exe
       Manifest:
         C:\Program Files (x86)\Microsoft SDKs\Windows\v7.0A\bin\mt.exe /nologo /verbose /outputresource:"c:\users\hafizhamza\documents\visual studio 2010\Projects\if else\Debug\if else.exe;#1" /manifest "Debug\if else.exe.intermediate.manifest"
       FinalizeBuildStatus:
         Deleting file "Debug\if else.unsuccessfulbuild".
         Touching "Debug\if else.lastbuildstate".
     1>Done Building Project "c:\Users\hafizhamza\documents\visual studio 2010\Projects\if else\if else\if else.vcxproj" (build target(s)).

Build succeeded.

Time Elapsed 00:00:00.71
