Build started 5/21/2017 11:44:53 PM.
     1>Project "C:\Users\HafizHamza\documents\visual studio 2010\Projects\Preparation\Preparation\Preparation.vcxproj" on node 2 (build target(s)).
     1>InitializeBuildStatus:
         Creating "Debug\Preparation.unsuccessfulbuild" because "AlwaysCreate" was specified.
       ClCompile:
         C:\Program Files (x86)\Microsoft Visual Studio 10.0\VC\bin\CL.exe /c /ZI /nologo /W3 /WX- /Od /Oy- /D _MBCS /Gm /EHsc /RTC1 /MDd /GS /fp:precise /Zc:wchar_t /Zc:forScope /Fo"Debug\\" /Fd"Debug\vc100.pdb" /Gd /TP /analyze- /errorReport:prompt preparation.cpp
         preparation.cpp
     1>c:\users\hafizhamza\documents\visual studio 2010\projects\preparation\preparation\preparation.cpp(23): warning C4996: 'ctime': This function or variable may be unsafe. Consider using ctime_s instead. To disable deprecation, use _CRT_SECURE_NO_WARNINGS. See online help for details.
                 c:\program files (x86)\microsoft visual studio 10.0\vc\include\time.inl(86) : see declaration of 'ctime'
     1>c:\users\hafizhamza\documents\visual studio 2010\projects\preparation\preparation\preparation.cpp(177): warning C4996: 'getch': The POSIX name for this item is deprecated. Instead, use the ISO C++ conformant name: _getch. See online help for details.
                 c:\program files (x86)\microsoft visual studio 10.0\vc\include\conio.h(128) : see declaration of 'getch'
       Link:
         C:\Program Files (x86)\Microsoft Visual Studio 10.0\VC\bin\link.exe /ERRORREPORT:PROMPT /OUT:"C:\Users\HafizHamza\documents\visual studio 2010\Projects\Preparation\Debug\Preparation.exe" /NOLOGO kernel32.lib user32.lib gdi32.lib winspool.lib comdlg32.lib advapi32.lib shell32.lib ole32.lib oleaut32.lib uuid.lib odbc32.lib odbccp32.lib /MANIFEST /ManifestFile:"Debug\Preparation.exe.intermediate.manifest" /MANIFESTUAC:"level='asInvoker' uiAccess='false'" /DEBUG /PDB:"C:\Users\HafizHamza\documents\visual studio 2010\Projects\Preparation\Debug\Preparation.pdb" /TLBID:1 /DYNAMICBASE /NXCOMPAT /IMPLIB:"C:\Users\HafizHamza\documents\visual studio 2010\Projects\Preparation\Debug\Preparation.lib" /MACHINE:X86 Debug\preparation.obj
         LINK : C:\Users\HafizHamza\documents\visual studio 2010\Projects\Preparation\Debug\Preparation.exe not found or not built by the last incremental link; performing full link
         Preparation.vcxproj -> C:\Users\HafizHamza\documents\visual studio 2010\Projects\Preparation\Debug\Preparation.exe
       Manifest:
         C:\Program Files (x86)\Microsoft SDKs\Windows\v7.0A\bin\mt.exe /nologo /verbose /outputresource:"C:\Users\HafizHamza\documents\visual studio 2010\Projects\Preparation\Debug\Preparation.exe;#1" /manifest Debug\Preparation.exe.intermediate.manifest
       FinalizeBuildStatus:
         Deleting file "Debug\Preparation.unsuccessfulbuild".
         Touching "Debug\Preparation.lastbuildstate".
     1>Done Building Project "C:\Users\HafizHamza\documents\visual studio 2010\Projects\Preparation\Preparation\Preparation.vcxproj" (build target(s)).

Build succeeded.

Time Elapsed 00:00:00.81
